<?xml version="1.0" encoding="UTF-8"?>
<!-- Generated by org.testng.reporters.JUnitXMLReporter -->
<testsuite ignored="0" hostname="DESKTOP-B7EFAO8" failures="0" tests="4" name="Default test" time="25.863" errors="0" timestamp="2023-11-05T00:53:46 IST">
  <testcase classname="test.Testingall" name="test1" time="3.675"/>
  <testcase classname="test.Testingall" name="test2" time="4.785"/>
  <testcase classname="test.Testingall" name="test3" time="7.746"/>
  <testcase classname="test.Testingall" name="test4" time="2.883"/>
</testsuite> <!-- Default test -->
