<?xml version="1.0" encoding="UTF-8"?>
<testng-results ignored="0" total="4" passed="4" failed="0" skipped="0">
  <reporter-output>
  </reporter-output>
  <suite started-at="2023-11-05T00:53:21 IST" name="Default suite" finished-at="2023-11-05T00:53:46 IST" duration-ms="25863">
    <groups>
    </groups>
    <test started-at="2023-11-05T00:53:21 IST" name="Default test" finished-at="2023-11-05T00:53:46 IST" duration-ms="25863">
      <class name="test.Testingall">
        <test-method is-config="true" signature="start()[pri:0, instance:test.Testingall@1bb5a082]" started-at="2023-11-05T00:53:21 IST" name="start" finished-at="2023-11-05T00:53:24 IST" duration-ms="3512" status="PASS">
          <reporter-output>
          </reporter-output>
        </test-method> <!-- start -->
        <test-method is-config="true" signature="urlloading()[pri:0, instance:test.Testingall@1bb5a082]" started-at="2023-11-05T00:53:24 IST" name="urlloading" finished-at="2023-11-05T00:53:26 IST" duration-ms="1730" status="PASS">
          <reporter-output>
          </reporter-output>
        </test-method> <!-- urlloading -->
        <test-method signature="test1()[pri:1, instance:test.Testingall@1bb5a082]" started-at="2023-11-05T00:53:26 IST" name="test1" finished-at="2023-11-05T00:53:29 IST" duration-ms="3675" status="PASS">
          <reporter-output>
          </reporter-output>
        </test-method> <!-- test1 -->
        <test-method is-config="true" signature="urlloading()[pri:0, instance:test.Testingall@1bb5a082]" started-at="2023-11-05T00:53:30 IST" name="urlloading" finished-at="2023-11-05T00:53:30 IST" duration-ms="485" status="PASS">
          <reporter-output>
          </reporter-output>
        </test-method> <!-- urlloading -->
        <test-method signature="test2()[pri:2, instance:test.Testingall@1bb5a082]" started-at="2023-11-05T00:53:30 IST" name="test2" finished-at="2023-11-05T00:53:35 IST" duration-ms="4785" status="PASS">
          <reporter-output>
          </reporter-output>
        </test-method> <!-- test2 -->
        <test-method is-config="true" signature="urlloading()[pri:0, instance:test.Testingall@1bb5a082]" started-at="2023-11-05T00:53:35 IST" name="urlloading" finished-at="2023-11-05T00:53:35 IST" duration-ms="474" status="PASS">
          <reporter-output>
          </reporter-output>
        </test-method> <!-- urlloading -->
        <test-method signature="test3()[pri:3, instance:test.Testingall@1bb5a082]" started-at="2023-11-05T00:53:35 IST" name="test3" finished-at="2023-11-05T00:53:43 IST" duration-ms="7746" status="PASS">
          <reporter-output>
          </reporter-output>
        </test-method> <!-- test3 -->
        <test-method is-config="true" signature="urlloading()[pri:0, instance:test.Testingall@1bb5a082]" started-at="2023-11-05T00:53:43 IST" name="urlloading" finished-at="2023-11-05T00:53:44 IST" duration-ms="507" status="PASS">
          <reporter-output>
          </reporter-output>
        </test-method> <!-- urlloading -->
        <test-method signature="test4()[pri:4, instance:test.Testingall@1bb5a082]" started-at="2023-11-05T00:53:44 IST" name="test4" finished-at="2023-11-05T00:53:46 IST" duration-ms="2883" status="PASS">
          <reporter-output>
          </reporter-output>
        </test-method> <!-- test4 -->
      </class> <!-- test.Testingall -->
    </test> <!-- Default test -->
  </suite> <!-- Default suite -->
</testng-results>
